2025-09-16 08:53:13 ERROR: Data corruption detected
2025-09-16 08:53:18 ERROR: User authentication failed
2025-09-16 08:53:23 INFO: Cache cleared
2025-09-16 08:53:28 ERROR: Permission denied
2025-09-16 08:53:33 WARNING: Configuration deprecated
2025-09-16 08:53:38 WARNING: High memory usage detected
2025-09-16 08:53:43 ERROR: User authentication failed
2025-09-16 08:53:48 WARNING: Disk space running low
2025-09-16 08:53:53 WARNING: Retrying connection
2025-09-16 08:53:58 ERROR: Failed to load configuration
2025-09-16 08:54:03 INFO: Data sync completed
2025-09-16 08:54:08 WARNING: High memory usage detected
2025-09-16 08:54:13 ERROR: User authentication failed
2025-09-16 08:54:18 ERROR: Failed to load configuration
2025-09-16 08:54:23 WARNING: Disk space running low
2025-09-16 08:54:28 INFO: System started successfully
2025-09-16 08:54:33 INFO: Cache cleared
2025-09-16 08:54:38 INFO: Cache cleared
2025-09-16 08:54:43 ERROR: Permission denied
2025-09-16 08:54:48 INFO: Connection established
2025-09-16 08:54:53 INFO: System started successfully
2025-09-16 08:54:58 WARNING: Configuration deprecated
2025-09-16 08:55:03 WARNING: Disk space running low
2025-09-16 08:55:08 ERROR: Failed to load configuration
2025-09-16 08:55:13 ERROR: Data corruption detected
2025-09-16 08:55:18 ERROR: Data corruption detected
2025-09-16 08:55:23 WARNING: High memory usage detected
2025-09-16 08:55:28 INFO: Cache cleared
2025-09-16 08:55:33 ERROR: Database connection lost
2025-09-16 08:55:38 WARNING: Disk space running low
2025-09-16 08:55:43 INFO: User login successful
2025-09-16 08:55:48 INFO: User login successful
2025-09-16 08:55:53 ERROR: User authentication failed
2025-09-16 08:55:58 ERROR: Failed to load configuration
2025-09-16 08:56:03 ERROR: User authentication failed
2025-09-16 08:56:08 INFO: Configuration loaded
2025-09-16 08:56:13 WARNING: Configuration deprecated
2025-09-16 08:56:18 error: Data corruption detected
2025-09-16 08:56:23 INFO: Data sync completed
2025-09-16 08:56:28 WARNING: Unusual network activity
2025-09-16 08:56:33 WARNING: Unusual network activity
2025-09-16 08:56:38 ERROR: Failed to load configuration
2025-09-16 08:56:43 INFO: Data sync completed
2025-09-16 08:56:48 Info: Connection established
2025-09-16 08:56:53 ERROR: User authentication failed
2025-09-16 08:56:58 warning: Configuration deprecated
2025-09-16 08:57:03 WARNING: Disk space running low
2025-09-16 08:57:08 WARNING: High memory usage detected
2025-09-16 08:57:13 ERROR: Database connection lost
2025-09-16 08:57:18 INFO: User login successful
2025-09-16 09:45:10 DEBUG: Starting cache warm-up process
2025-09-16 09:45:15 Debug: Retrieved 125 records from API
2025-09-16 09:45:20 debug: Session token validated successfully
2025-09-16 09:45:25 DEbUg: Configuration file parsed without errors
2025-09-16 09:45:30 DEBUG: Queue worker heartbeat acknowledged
